[    0.000000] Initializing cgroup subsys cpuset
[    0.000000] Initializing cgroup subsys cpu
[    0.000000] Initializing cgroup subsys cpuacct
[    0.000000] Linux version 4.4.0-204-generic (buildd@lgw01-amd64-018) (gcc version 5.4.0 20160609 (Ubuntu 5.4.0-6ubuntu1~16.04.12) ) #236-Ubuntu SMP Fri Feb 19 16:11:27 UTC 2021 (Ubuntu 4.4.0-204.236-generic 4.4.254)
[    0.000000] Command line: BOOT_IMAGE=/boot/vmlinuz-4.4.0-204-generic root=LABEL=cloudimg-rootfs ro console=tty1 console=ttyS0
[    0.000000] KERNEL supported cpus:
[    0.000000]   Intel GenuineIntel
[    0.000000]   AMD AuthenticAMD
[    0.000000]   Centaur CentaurHauls
[    0.000000] x86/fpu: xstate_offset[2]:  576, xstate_sizes[2]:  256
[    0.000000] x86/fpu: Supporting XSAVE feature 0x01: 'x87 floating point registers'
[    0.000000] x86/fpu: Supporting XSAVE feature 0x02: 'SSE registers'
[    0.000000] x86/fpu: Supporting XSAVE feature 0x04: 'AVX registers'
[    0.000000] x86/fpu: Enabled xstate features 0x7, context size is 832 bytes, using 'standard' format.
[    0.000000] e820: BIOS-provided physical RAM map:
[    0.000000] BIOS-e820: [mem 0x0000000000000000-0x000000000009fbff] usable
[    0.000000] BIOS-e820: [mem 0x000000000009fc00-0x000000000009ffff] reserved
[    0.000000] BIOS-e820: [mem 0x00000000000f0000-0x00000000000fffff] reserved
[    0.000000] BIOS-e820: [mem 0x0000000000100000-0x000000003ffeffff] usable
[    0.000000] BIOS-e820: [mem 0x000000003fff0000-0x000000003fffffff] ACPI data
[    0.000000] BIOS-e820: [mem 0x00000000fec00000-0x00000000fec00fff] reserved
[    0.000000] BIOS-e820: [mem 0x00000000fee00000-0x00000000fee00fff] reserved
[    0.000000] BIOS-e820: [mem 0x00000000fffc0000-0x00000000ffffffff] reserved
[    0.000000] NX (Execute Disable) protection: active
[    0.000000] SMBIOS 2.5 present.
[    0.000000] Hypervisor detected: KVM
[    0.000000] e820: last_pfn = 0x3fff0 max_arch_pfn = 0x400000000
[    0.000000] MTRR: Disabled
[    0.000000] x86/PAT: MTRRs disabled, skipping PAT initialization too.
[    0.000000] CPU MTRRs all blank - virtualized system.
[    0.000000] x86/PAT: Configuration [0-7]: WB  WT  UC- UC  WB  WT  UC- UC  
[    0.000000] found SMP MP-table at [mem 0x0009fff0-0x0009ffff] mapped at [ffff88000009fff0]
[    0.000000] Scanning 1 areas for low memory corruption
[    0.000000] RAMDISK: [mem 0x362de000-0x37166fff]
[    0.000000] ACPI: Early table checksum verification disabled
[    0.000000] ACPI: RSDP 0x00000000000E0000 000024 (v02 VBOX  )
[    0.000000] ACPI: XSDT 0x000000003FFF0030 00003C (v01 VBOX   VBOXXSDT 00000001 ASL  00000061)
[    0.000000] ACPI: FACP 0x000000003FFF00F0 0000F4 (v04 VBOX   VBOXFACP 00000001 ASL  00000061)
[    0.000000] ACPI: DSDT 0x000000003FFF0470 002325 (v02 VBOX   VBOXBIOS 00000002 INTL 20100528)
[    0.000000] ACPI: FACS 0x000000003FFF0200 000040
[    0.000000] ACPI: FACS 0x000000003FFF0200 000040
[    0.000000] ACPI: APIC 0x000000003FFF0240 00005C (v02 VBOX   VBOXAPIC 00000001 ASL  00000061)
[    0.000000] ACPI: SSDT 0x000000003FFF02A0 0001CC (v01 VBOX   VBOXCPUT 00000002 INTL 20100528)
[    0.000000] No NUMA configuration found
[    0.000000] Faking a node at [mem 0x0000000000000000-0x000000003ffeffff]
[    0.000000] NODE_DATA(0) allocated [mem 0x3ffeb000-0x3ffeffff]
[    0.000000] kvm-clock: Using msrs 4b564d01 and 4b564d00
[    0.000000] kvm-clock: cpu 0, msr 0:3ffe3001, primary cpu clock
[    0.000000] kvm-clock: using sched offset of 5230048236 cycles
[    0.000000] clocksource: kvm-clock: mask: 0xffffffffffffffff max_cycles: 0x1cd42e4dffb, max_idle_ns: 881590591483 ns
[    0.000000] Zone ranges:
[    0.000000]   DMA      [mem 0x0000000000001000-0x0000000000ffffff]
[    0.000000]   DMA32    [mem 0x0000000001000000-0x000000003ffeffff]
[    0.000000]   Normal   empty
[    0.000000]   Device   empty
[    0.000000] Movable zone start for each node
[    0.000000] Early memory node ranges
[    0.000000]   node   0: [mem 0x0000000000001000-0x000000000009efff]
[    0.000000]   node   0: [mem 0x0000000000100000-0x000000003ffeffff]
[    0.000000] Initmem setup node 0 [mem 0x0000000000001000-0x000000003ffeffff]
[    0.000000] ACPI: PM-Timer IO Port: 0x4008
[    0.000000] IOAPIC[0]: apic_id 2, version 32, address 0xfec00000, GSI 0-23
[    0.000000] ACPI: INT_SRC_OVR (bus 0 bus_irq 0 global_irq 2 dfl dfl)
[    0.000000] ACPI: INT_SRC_OVR (bus 0 bus_irq 9 global_irq 9 low level)
[    0.000000] Using ACPI (MADT) for SMP configuration information
[    0.000000] smpboot: Allowing 2 CPUs, 0 hotplug CPUs
[    0.000000] PM: Registered nosave memory: [mem 0x00000000-0x00000fff]
[    0.000000] PM: Registered nosave memory: [mem 0x0009f000-0x0009ffff]
[    0.000000] PM: Registered nosave memory: [mem 0x000a0000-0x000effff]
[    0.000000] PM: Registered nosave memory: [mem 0x000f0000-0x000fffff]
[    0.000000] e820: [mem 0x40000000-0xfebfffff] available for PCI devices
[    0.000000] Booting paravirtualized kernel on KVM
[    0.000000] clocksource: refined-jiffies: mask: 0xffffffff max_cycles: 0xffffffff, max_idle_ns: 7645519600211568 ns
[    0.000000] setup_percpu: NR_CPUS:512 nr_cpumask_bits:512 nr_cpu_ids:2 nr_node_ids:1
[    0.000000] PERCPU: Embedded 33 pages/cpu @ffff88003fc00000 s95640 r8192 d31336 u1048576
[    0.000000] Built 1 zonelists in Node order, mobility grouping on.  Total pages: 257912
[    0.000000] Policy zone: DMA32
[    0.000000] Kernel command line: BOOT_IMAGE=/boot/vmlinuz-4.4.0-204-generic root=LABEL=cloudimg-rootfs ro console=tty1 console=ttyS0
[    0.000000] PID hash table entries: 4096 (order: 3, 32768 bytes)
[    0.000000] Memory: 997656K/1048120K available (8641K kernel code, 1337K rwdata, 4044K rodata, 1496K init, 1296K bss, 50464K reserved, 0K cma-reserved)
[    0.000000] SLUB: HWalign=64, Order=0-3, MinObjects=0, CPUs=2, Nodes=1
[    0.000000] Kernel/User page tables isolation: enabled
[    0.000000] Hierarchical RCU implementation.
[    0.000000] 	Build-time adjustment of leaf fanout to 64.
[    0.000000] 	RCU restricting CPUs from NR_CPUS=512 to nr_cpu_ids=2.
[    0.000000] RCU: Adjusting geometry for rcu_fanout_leaf=64, nr_cpu_ids=2
[    0.000000] NR_IRQS:33024 nr_irqs:440 16
[    0.000000] Console: colour VGA+ 80x25
[    0.000000] console [tty1] enabled
[    0.000000] console [ttyS0] enabled
[    0.000000] tsc: Detected 2593.996 MHz processor
[    0.512623] Calibrating delay loop (skipped) preset value.. 5187.99 BogoMIPS (lpj=10375984)
[    0.518389] pid_max: default: 32768 minimum: 301
[    0.521219] ACPI: Core revision 20150930
[    0.529749] ACPI: 2 ACPI AML tables successfully acquired and loaded
[    0.533519] Security Framework initialized
[    0.536278] Yama: becoming mindful.
[    0.538711] AppArmor: AppArmor initialized
[    0.541354] Dentry cache hash table entries: 131072 (order: 8, 1048576 bytes)
[    0.550938] Inode-cache hash table entries: 65536 (order: 7, 524288 bytes)
[    0.554860] Mount-cache hash table entries: 2048 (order: 2, 16384 bytes)
[    0.558362] Mountpoint-cache hash table entries: 2048 (order: 2, 16384 bytes)
[    0.562802] Initializing cgroup subsys io
[    0.565574] Initializing cgroup subsys memory
[    0.568108] Initializing cgroup subsys devices
[    0.571199] Initializing cgroup subsys freezer
[    0.574443] Initializing cgroup subsys net_cls
[    0.577133] Initializing cgroup subsys perf_event
[    0.579924] Initializing cgroup subsys net_prio
[    0.583746] Initializing cgroup subsys hugetlb
[    0.586347] Initializing cgroup subsys pids
[    0.590269] mce: CPU supports 0 MCE banks
[    0.593212] Last level iTLB entries: 4KB 1024, 2MB 1024, 4MB 1024
[    0.597046] Last level dTLB entries: 4KB 1024, 2MB 1024, 4MB 1024, 1GB 4
[    0.601586] Spectre V1 : Mitigation: usercopy/swapgs barriers and __user pointer sanitization
[    0.608166] Spectre V2 : Mitigation: Full generic retpoline
[    0.611548] Spectre V2 : Spectre v2 / SpectreRSB mitigation: Filling RSB on context switch
[    0.617019] Speculative Store Bypass: Vulnerable
[    0.619731] SRBDS: Unknown: Dependent on hypervisor status
[    0.622980] MDS: Mitigation: Clear CPU buffers
[    0.634543] Freeing SMP alternatives memory: 36K
[    0.655826] ftrace: allocating 32368 entries in 127 pages
[    0.841914] smpboot: APIC(0) Converting physical 0 to logical package 0
[    0.845301] smpboot: Max logical packages: 1
[    0.849653] x2apic enabled
[    0.853303] Switched APIC routing to physical x2apic.
[    0.860972] ..TIMER: vector=0x30 apic1=0 pin1=2 apic2=-1 pin2=-1
[    0.973671] smpboot: CPU0: Intel(R) Core(TM) i7-4510U CPU @ 2.00GHz (family: 0x6, model: 0x45, stepping: 0x1)
[    0.980746] Performance Events: unsupported p6 CPU model 69 no PMU driver, software events only.
[    1.015190] KVM setup paravirtual spinlock
[    1.019137] x86: Booting SMP configuration:
[    1.023162] .... node  #0, CPUs:      #1
[    1.025496] kvm-clock: cpu 1, msr 0:3ffe3041, secondary cpu clock
[    1.030505] mce: CPU supports 0 MCE banks
[    1.035539] x86: Booted up 1 node, 2 CPUs
[    1.039245] smpboot: Total of 2 processors activated (10375.98 BogoMIPS)
[    1.044254] devtmpfs: initialized
[    1.069902] evm: security.selinux
[    1.073023] evm: security.SMACK64
[    1.074976] evm: security.SMACK64EXEC
[    1.078164] evm: security.SMACK64TRANSMUTE
[    1.081772] evm: security.SMACK64MMAP
[    1.084112] evm: security.ima
[    1.086204] evm: security.capability
[    1.089328] clocksource: jiffies: mask: 0xffffffff max_cycles: 0xffffffff, max_idle_ns: 7645041785100000 ns
[    1.096475] futex hash table entries: 512 (order: 3, 32768 bytes)
[    1.101459] pinctrl core: initialized pinctrl subsystem
[    1.104697] RTC time: 11:02:52, date: 03/25/21
[    1.107827] NET: Registered protocol family 16
[    1.122641] cpuidle: using governor ladder
[    1.134363] cpuidle: using governor menu
[    1.137035] PCCT header not found.
[    1.139777] ACPI: bus type PCI registered
[    1.142461] acpiphp: ACPI Hot Plug PCI Controller Driver version: 0.5
[    1.147008] PCI: Using configuration type 1 for base access
[    1.171763] ACPI: Added _OSI(Module Device)
[    1.174349] ACPI: Added _OSI(Processor Device)
[    1.177084] ACPI: Added _OSI(3.0 _SCP Extensions)
[    1.180305] ACPI: Added _OSI(Processor Aggregator Device)
[    1.185934] ACPI: Executed 1 blocks of module-level executable AML code
[    1.198895] ACPI: Interpreter enabled
[    1.201394] ACPI: (supports S0 S5)
[    1.204111] ACPI: Using IOAPIC for interrupt routing
[    1.207660] PCI: Using host bridge windows from ACPI; if necessary, use "pci=nocrs" and report a bug
[    1.227245] ACPI: PCI Root Bridge [PCI0] (domain 0000 [bus 00-ff])
[    1.232038] acpi PNP0A03:00: _OSC: OS supports [ASPM ClockPM Segments MSI]
[    1.237909] acpi PNP0A03:00: _OSC: not requesting OS control; OS requires [ExtendedConfig ASPM ClockPM MSI]
[    1.244060] acpi PNP0A03:00: fail to add MMCONFIG information, can't access extended PCI configuration space under this bridge.
[    1.252548] PCI host bridge to bus 0000:00
[    1.254968] pci_bus 0000:00: root bus resource [io  0x0000-0x0cf7 window]
[    1.260498] pci_bus 0000:00: root bus resource [io  0x0d00-0xffff window]
[    1.264118] pci_bus 0000:00: root bus resource [mem 0x000a0000-0x000bffff window]
[    1.269641] pci_bus 0000:00: root bus resource [mem 0x40000000-0xfdffffff window]
[    1.277054] pci_bus 0000:00: root bus resource [bus 00-ff]
[    1.285859] pci 0000:00:01.1: legacy IDE quirk: reg 0x10: [io  0x01f0-0x01f7]
[    1.289591] pci 0000:00:01.1: legacy IDE quirk: reg 0x14: [io  0x03f6]
[    1.292946] pci 0000:00:01.1: legacy IDE quirk: reg 0x18: [io  0x0170-0x0177]
[    1.337638] pci 0000:00:01.1: legacy IDE quirk: reg 0x1c: [io  0x0376]
[    1.373432] pci 0000:00:07.0: quirk: [io  0x4000-0x403f] claimed by PIIX4 ACPI
[    1.380734] pci 0000:00:07.0: quirk: [io  0x4100-0x410f] claimed by PIIX4 SMB
[    1.405904] ACPI: PCI Interrupt Link [LNKA] (IRQs 5 9 10 *11)
[    1.410965] ACPI: PCI Interrupt Link [LNKB] (IRQs 5 9 *10 11)
[    1.417080] ACPI: PCI Interrupt Link [LNKC] (IRQs 5 *9 10 11)
[    1.423297] ACPI: PCI Interrupt Link [LNKD] (IRQs 5 9 10 *11)
[    1.429174] ACPI: Enabled 2 GPEs in block 00 to 07
[    1.434241] vgaarb: setting as boot device: PCI:0000:00:02.0
[    1.437352] vgaarb: device added: PCI:0000:00:02.0,decodes=io+mem,owns=io+mem,locks=none
[    1.442239] vgaarb: loaded
[    1.444215] vgaarb: bridge control possible 0000:00:02.0
[    1.448111] SCSI subsystem initialized
[    1.451623] ACPI: bus type USB registered
[    1.455592] usbcore: registered new interface driver usbfs
[    1.461570] usbcore: registered new interface driver hub
[    1.466019] usbcore: registered new device driver usb
[    1.469802] PCI: Using ACPI for IRQ routing
[    1.478402] NetLabel: Initializing
[    1.480704] NetLabel:  domain hash size = 128
[    1.483272] NetLabel:  protocols = UNLABELED CIPSOv4
[    1.488468] NetLabel:  unlabeled traffic allowed by default
[    1.493465] amd_nb: Cannot enumerate AMD northbridges
[    1.496460] clocksource: Switched to clocksource kvm-clock
[    1.531709] AppArmor: AppArmor Filesystem Enabled
[    1.534795] pnp: PnP ACPI init
[    1.539419] pnp: PnP ACPI: found 3 devices
[    1.556531] clocksource: acpi_pm: mask: 0xffffff max_cycles: 0xffffff, max_idle_ns: 2085701024 ns
[    1.562241] NET: Registered protocol family 2
[    1.565050] TCP established hash table entries: 8192 (order: 4, 65536 bytes)
[    1.569013] TCP bind hash table entries: 8192 (order: 5, 131072 bytes)
[    1.572282] TCP: Hash tables configured (established 8192 bind 8192)
[    1.575573] UDP hash table entries: 512 (order: 2, 16384 bytes)
[    1.578652] UDP-Lite hash table entries: 512 (order: 2, 16384 bytes)
[    1.581959] NET: Registered protocol family 1
[    1.584557] pci 0000:00:00.0: Limiting direct PCI/PCI transfers
[    1.588049] pci 0000:00:01.0: Activating ISA DMA hang workarounds
[    1.591851] Unpacking initramfs...
[    2.299617] Freeing initrd memory: 14884K
[    2.303122] RAPL PMU detected, API unit is 2^-32 Joules, 4 fixed counters 10737418240 ms ovfl timer
[    2.309766] hw unit of domain pp0-core 2^-0 Joules
[    2.312767] hw unit of domain package 2^-0 Joules
[    2.316669] hw unit of domain dram 2^-0 Joules
[    2.319577] hw unit of domain pp1-gpu 2^-0 Joules
[    2.323475] clocksource: tsc: mask: 0xffffffffffffffff max_cycles: 0x2564143601c, max_idle_ns: 440795231101 ns
[    2.330305] platform rtc_cmos: registered platform RTC device (no PNP device found)
[    2.335510] Scanning for low memory corruption every 60 seconds
[    2.342181] audit: initializing netlink subsys (disabled)
[    2.345184] audit: type=2000 audit(1616670179.643:1): initialized
[    2.349398] Initialise system trusted keyring
[    2.353133] HugeTLB registered 2 MB page size, pre-allocated 0 pages
[    2.361785] zbud: loaded
[    2.364340] VFS: Disk quotas dquot_6.6.0
[    2.367105] VFS: Dquot-cache hash table entries: 512 (order 0, 4096 bytes)
[    2.371647] squashfs: version 4.0 (2009/01/31) Phillip Lougher
[    2.377045] fuse init (API version 7.23)
[    2.380110] Key type big_key registered
[    2.382665] Allocating IMA MOK and blacklist keyrings.
[    2.387226] Key type asymmetric registered
[    2.389857] Asymmetric key parser 'x509' registered
[    2.392815] Block layer SCSI generic (bsg) driver version 0.4 loaded (major 249)
[    2.397413] io scheduler noop registered
[    2.399902] io scheduler deadline registered (default)
[    2.403041] io scheduler cfq registered
[    2.405690] pci_hotplug: PCI Hot Plug PCI Core version: 0.5
[    2.409244] pciehp: PCI Express Hot Plug Controller Driver version: 0.4
[    2.413779] ACPI: AC Adapter [AC] (on-line)
[    2.417198] input: Power Button as /devices/LNXSYSTM:00/LNXPWRBN:00/input/input0
[    2.421904] ACPI: Power Button [PWRF]
[    2.424390] input: Sleep Button as /devices/LNXSYSTM:00/LNXSLPBN:00/input/input1
[    2.428925] ACPI: Sleep Button [SLPF]
[    2.432341] GHES: HEST is not enabled!
[    2.434324] ACPI: Battery Slot [BAT0] (battery present)
[    2.438144] Serial: 8250/16550 driver, 32 ports, IRQ sharing enabled
[    2.463682] 00:02: ttyS0 at I/O 0x3f8 (irq = 4, base_baud = 115200) is a 16550A
[    2.471705] Linux agpgart interface v0.103
[    2.477946] loop: module loaded
[    2.481886] scsi host0: ata_piix
[    2.484510] scsi host1: ata_piix
[    2.486685] ata1: PATA max UDMA/33 cmd 0x1f0 ctl 0x3f6 bmdma 0xd000 irq 14
[    2.490043] ata2: PATA max UDMA/33 cmd 0x170 ctl 0x376 bmdma 0xd008 irq 15
[    2.494739] libphy: Fixed MDIO Bus: probed
[    2.497653] tun: Universal TUN/TAP device driver, 1.6
[    2.500612] tun: (C) 1999-2004 Max Krasnyansky <maxk@qualcomm.com>
[    2.504190] PPP generic driver version 2.4.2
[    2.507025] ehci_hcd: USB 2.0 'Enhanced' Host Controller (EHCI) Driver
[    2.510442] ehci-pci: EHCI PCI platform driver
[    2.512980] ehci-platform: EHCI generic platform driver
[    2.515864] ohci_hcd: USB 1.1 'Open' Host Controller (OHCI) Driver
[    2.520376] ohci-pci: OHCI PCI platform driver
[    2.523096] ohci-platform: OHCI generic platform driver
[    2.526342] uhci_hcd: USB Universal Host Controller Interface driver
[    2.530747] i8042: PNP: PS/2 Controller [PNP0303:PS2K,PNP0f03:PS2M] at 0x60,0x64 irq 1,12
[    2.536385] serio: i8042 KBD port at 0x60,0x64 irq 1
[    2.539223] serio: i8042 AUX port at 0x60,0x64 irq 12
[    2.542324] mousedev: PS/2 mouse device common for all mice
[    2.546512] input: AT Translated Set 2 keyboard as /devices/platform/i8042/serio0/input/input2
[    2.551955] rtc_cmos rtc_cmos: rtc core: registered rtc_cmos as rtc0
[    2.555469] rtc_cmos rtc_cmos: alarms up to one day, 114 bytes nvram
[    2.559096] i2c /dev entries driver
[    2.561695] device-mapper: uevent: version 1.0.3
[    2.564674] device-mapper: ioctl: 4.34.0-ioctl (2015-10-28) initialised: dm-devel@redhat.com
[    2.569717] ledtrig-cpu: registered to indicate activity on CPUs
[    2.574087] NET: Registered protocol family 10
[    2.578536] NET: Registered protocol family 17
[    2.581090] Key type dns_resolver registered
[    2.584364] registered taskstats version 1
[    2.586869] Loading compiled-in X.509 certificates
[    2.591172] Loaded X.509 cert 'Build time autogenerated kernel key: 7d89d4973e8e82529e7123890c54abbb198c4f27'
[    2.597105] zswap: loaded using pool lzo/zbud
[    2.604551] Key type trusted registered
[    2.615870] Key type encrypted registered
[    2.618493] AppArmor: AppArmor sha1 policy hashing enabled
[    2.621419] ima: No TPM chip found, activating TPM-bypass!
[    2.624714] ima: Allocated hash algorithm: sha1
[    2.627312] evm: HMAC attrs: 0x1
[    2.630436]   Magic number: 13:985:24
[    2.632976] misc cpu_dma_latency: hash matches
[    2.635888] rtc_cmos rtc_cmos: setting system clock to 2021-03-25 11:02:53 UTC (1616670173)
[    2.641444] BIOS EDD facility v0.16 2004-Jun-25, 0 devices found
[    2.644590] EDD information not available.
[    2.683244] Freeing unused kernel memory: 1496K
[    2.685815] Write protecting the kernel read-only data: 14336k
[    2.691197] Freeing unused kernel memory: 1588K
[    2.694732] Freeing unused kernel memory: 52K
Loading, please wait...
starting version 229
[    2.730424] random: systemd-udevd: uninitialized urandom read (16 bytes read, 3 bits of entropy available)
[    2.732571] random: udevadm: uninitialized urandom read (16 bytes read, 3 bits of entropy available)
[    2.732626] random: udevadm: uninitialized urandom read (16 bytes read, 3 bits of entropy available)
[    2.747763] random: systemd-udevd: uninitialized urandom read (16 bytes read, 3 bits of entropy available)
[    2.754116] random: systemd-udevd: uninitialized urandom read (16 bytes read, 3 bits of entropy available)
[    2.760748] random: udevadm: uninitialized urandom read (16 bytes read, 3 bits of entropy available)
[    2.760897] random: udevadm: uninitialized urandom read (16 bytes read, 3 bits of entropy available)
[    2.761394] random: udevadm: uninitialized urandom read (16 bytes read, 3 bits of entropy available)
[    2.761552] random: udevadm: uninitialized urandom read (16 bytes read, 3 bits of entropy available)
[    2.761709] random: udevadm: uninitialized urandom read (16 bytes read, 3 bits of entropy available)
[    2.882413] e1000: Intel(R) PRO/1000 Network Driver - version 7.3.21-k8-NAPI
[    2.886242] e1000: Copyright (c) 1999-2006 Intel Corporation.
[    2.892714] Fusion MPT base driver 3.04.20
[    2.895293] Copyright (c) 1999-2008 LSI Corporation
[    2.910495] Fusion MPT SPI Host driver 3.04.20
[    2.955627] AVX2 version of gcm_enc/dec engaged.
[    2.958628] AES CTR mode by8 optimization enabled
[    3.108460] input: ImExPS/2 Generic Explorer Mouse as /devices/platform/i8042/serio1/input/input4
[    3.445775] e1000 0000:00:03.0 eth0: (PCI:33MHz:32-bit) 02:96:8e:bc:5b:f3
[    3.449831] e1000 0000:00:03.0 eth0: Intel(R) PRO/1000 Network Connection
[    3.456201] mptbase: ioc0: Initiating bringup
[    3.521333] ioc0: LSI53C1030 A0: Capabilities={Initiator}
[    3.687597] scsi host2: ioc0: LSI53C1030 A0, FwRev=00000000h, Ports=1, MaxQ=256, IRQ=20
[    3.805153] scsi 2:0:0:0: Direct-Access     VBOX     HARDDISK         1.0  PQ: 0 ANSI: 5
[    3.811263] scsi target2:0:0: Beginning Domain Validation
[    3.816821] scsi target2:0:0: Domain Validation skipping write tests
[    3.820577] scsi target2:0:0: Ending Domain Validation
[    3.864936] scsi target2:0:0: asynchronous
[    3.872758] scsi 2:0:1:0: Direct-Access     VBOX     HARDDISK         1.0  PQ: 0 ANSI: 5
[    3.878196] scsi target2:0:1: Beginning Domain Validation
[    3.883681] scsi target2:0:1: Domain Validation skipping write tests
[    3.887564] scsi target2:0:1: Ending Domain Validation
[    3.891010] scsi target2:0:1: asynchronous
[    3.910122] sd 2:0:0:0: Attached scsi generic sg0 type 0
[    3.913953] sd 2:0:0:0: [sda] 83886080 512-byte logical blocks: (42.9 GB/40.0 GiB)
[    3.920668] sd 2:0:1:0: [sdb] 20480 512-byte logical blocks: (10.5 MB/10.0 MiB)
[    3.926097] sd 2:0:1:0: Attached scsi generic sg1 type 0
[    3.930256] sd 2:0:1:0: [sdb] Write Protect is off
[    3.933697] sd 2:0:0:0: [sda] Write Protect is off
[    3.937315] sd 2:0:1:0: [sdb] Incomplete mode parameter data
[    3.940532] sd 2:0:1:0: [sdb] Assuming drive cache: write through
[    3.944174] sd 2:0:0:0: [sda] Incomplete mode parameter data
[    3.948030] sd 2:0:0:0: [sda] Assuming drive cache: write through
[    3.971462]  sda: sda1
[    3.975585] sd 2:0:1:0: [sdb] Attached SCSI disk
[    3.979777] sd 2:0:0:0: [sda] Attached SCSI disk
[    4.359018] e1000 0000:00:08.0 eth1: (PCI:33MHz:32-bit) 08:00:27:cb:f1:b5
[    4.363820] e1000 0000:00:08.0 eth1: Intel(R) PRO/1000 Network Connection
[    4.370317] e1000 0000:00:03.0 enp0s3: renamed from eth0
[    4.461302] e1000 0000:00:08.0 enp0s8: renamed from eth1
Begin: Loading essential drivers ... [    6.876394] md: linear personality registered for level -1
[    6.885436] md: multipath personality registered for level -4
[    6.894104] md: raid0 personality registered for level 0
[    6.906449] md: raid1 personality registered for level 1
[    6.984507] raid6: sse2x1   gen()  2126 MB/s
[    7.052858] raid6: sse2x1   xor()  1115 MB/s
[    7.120766] raid6: sse2x2   gen()  3086 MB/s
[    7.188540] raid6: sse2x2   xor()  1965 MB/s
[    7.256507] raid6: sse2x4   gen()  4416 MB/s
[    7.324905] raid6: sse2x4   xor()  2366 MB/s
[    7.396534] raid6: avx2x1   gen()  2216 MB/s
[    7.464514] raid6: avx2x2   gen()  5680 MB/s
[    7.532755] raid6: avx2x4   gen()  8012 MB/s
[    7.535793] raid6: using algorithm avx2x4 gen() 8012 MB/s
[    7.539400] raid6: using avx2x2 recovery algorithm
[    7.545667] xor: automatically using best checksumming function:
[    7.588904]    avx       : 11407.000 MB/sec
[    7.594816] async_tx: api initialized (async)
[    7.622444] md: raid6 personality registered for level 6
[    7.625327] md: raid5 personality registered for level 5
[    7.628212] md: raid4 personality registered for level 4
[    7.646507] md: raid10 personality registered for level 10
done.
Begin: Running /scripts/init-premount ... done.
Begin: Mounting root file system ... Begin: Running /scripts/local-top ... done.
Begin: Running /scripts/local-premount ... [    7.732470] Btrfs loaded
Scanning for Btrfs filesystems
done.
Warning: fsck not present, so skipping root file system
[    7.825012] EXT4-fs (sda1): mounted filesystem with ordered data mode. Opts: (null)
done.
Begin: Running /scripts/local-bottom ... done.
Begin: Running /scripts/init-bottom ... done.
[    8.111065] systemd[1]: systemd 229 running in system mode. (+PAM +AUDIT +SELINUX +IMA +APPARMOR +SMACK +SYSVINIT +UTMP +LIBCRYPTSETUP +GCRYPT +GNUTLS +ACL +XZ -LZ4 +SECCOMP +BLKID +ELFUTILS +KMOD -IDN)
[    8.121552] systemd[1]: Detected virtualization oracle.
[    8.124719] systemd[1]: Detected architecture x86-64.

Welcome to [1mUbuntu 16.04.7 LTS[0m!

[    8.138023] systemd[1]: Set hostname to <ubuntu>.
[    8.151821] systemd[1]: Initializing machine ID from random generator.
[    8.155794] systemd[1]: Installed transient /etc/machine-id file.
[    8.605568] systemd[1]: Set up automount Arbitrary Executable File Formats File System Automount Point.
[[0;32m  OK  [0m] Set up automount Arbitrary Executab...ats File System Automount Point.
[    8.613496] systemd[1]: Reached target Encrypted Volumes.
[[0;32m  OK  [0m] Reached target Encrypted Volumes.
[    8.618464] systemd[1]: Started Forward Password Requests to Wall Directory Watch.
[[0;32m  OK  [0m] Started Forward Password Requests to Wall Directory Watch.
[    8.633018] systemd[1]: Started Trigger resolvconf update for networkd DNS.
[[0;32m  OK  [0m] Started Trigger resolvconf update for networkd DNS.
[    8.645944] systemd[1]: Listening on udev Control Socket.
[[0;32m  OK  [0m] Listening on udev Control Socket.
[    8.651011] systemd[1]: Listening on fsck to fsckd communication Socket.
[[0;32m  OK  [0m] Listening on fsck to fsckd communication Socket.
[    8.657766] systemd[1]: Created slice System Slice.
[[0;32m  OK  [0m] Created slice System Slice.
[    8.663146] systemd[1]: Listening on Journal Audit Socket.
[[0;32m  OK  [0m] Listening on Journal Audit Socket.
[    8.675129] systemd[1]: Created slice User and Session Slice.
[[0;32m  OK  [0m] Created slice User and Session Slice.
[    8.684501] systemd[1]: Listening on Journal Socket.
[[0;32m  OK  [0m] Listening on Journal Socket.
[    8.705368] systemd[1]: Starting Uncomplicated firewall...
         Starting Uncomplicated firewall...
[    8.717900] systemd[1]: Starting Load Kernel Modules...
         Starting Load Kernel Modules...
[    8.731144] systemd[1]: Mounting Huge Pages File System...
         Mounting Huge Pages File System...
[    8.739932] systemd[1]: Starting Create list of required static device nodes for the current kernel...
[    8.751581] Loading iSCSI transport class v2.0-870.
         Starting Create list of required st... nodes for the current kernel...
[    8.760854] systemd[1]: Starting File System Check on Root Device...
         Starting File System Check on Root Device...
[    8.768006] systemd[1]: Listening on Journal Socket (/dev/log).
[[0;32m  OK  [0m] Listening on Journal Socket (/dev/log).
[    8.777378] systemd[1]: Starting Nameserver information manager...
         Starting Nameserver information manager...
[    8.802220] iscsi: registered transport (tcp)
[    8.803982] systemd[1]: Starting Set console keymap...
         Starting Set console keymap...
[    8.810305] systemd[1]: Reached target Slices.
[[0;32m  OK  [0m] Reached target Slices.
[    8.815492] systemd[1]: Listening on /dev/initctl Compatibility Named Pipe.
[[0;32m  OK  [0m] Listening on /dev/initctl Compatibility Named Pipe.
[    8.823550] systemd[1]: Listening on LVM2 poll daemon socket.
[[0;32m  OK  [0m] Listening on LVM2 poll daemon socket.
[    8.831344] systemd[1]: Reached target User and Group Name Lookups.
[    8.840882] random: nonblocking pool is initialized
[[0;32m  OK  [0m] Reached target User and Group Name Lookups.
[    8.852944] systemd[1]: Listening on LVM2 metadata daemon socket.
[[0;32m  OK  [0m] Listening on LVM2 metadata daemon socket.
[    8.860111] systemd[1]: Listening on udev Kernel Socket.
[[0;32m  OK  [0m] Listening on udev Kernel Socket.
[    8.866432] systemd[1]: Reached target Swap.
[[0;32m  OK  [0m] Reached target Swap.
[    8.897015] systemd[1]: Mounting Debug File System...
         Mounting Debug File System...
[    8.906203] systemd[1]: Listening on Device-mapper event daemon FIFOs.
[[0;32m  OK  [0m] Listening on Device-mapper event daemon FIFOs.
[    8.915317] systemd[1]: Listening on Syslog Socket.
[[0;32m  OK  [0m] Listening on Syslog Socket.
[    8.941417] systemd[1]: Starting Journal Service...
         Starting Journal Service...
[    8.953075] iscsi: registered transport (iser)
[    8.959470] systemd[1]: Starting Monitoring of LVM2 mirrors, snapshots etc. using dmeventd or progress polling...
         Starting Monitoring of LVM2 mirrors... dmeventd or progress polling...
[    8.974801] systemd[1]: Created slice system-serial\x2dgetty.slice.
[[0;32m  OK  [0m] Created slice system-serial\x2dgetty.slice.
[    8.981491] systemd[1]: Reached target System Time Synchronized.
[[0;32m  OK  [0m] Reached target System Time Synchronized.
[    8.995358] systemd[1]: Mounting POSIX Message Queue File System...
         Mounting POSIX Message Queue File System...
[    9.014752] systemd[1]: Mounted Huge Pages File System.
[[0;32m  OK  [0m] Mounted Huge Pages File System.
[    9.026789] systemd[1]: Mounted POSIX Message Queue File System.
[[0;32m  OK  [0m] Mounted POSIX Message Queue File System.
[    9.040878] systemd[1]: Mounted Debug File System.
[[0;32m  OK  [0m] Mounted Debug File System.
[    9.049417] systemd[1]: Started Uncomplicated firewall.
[[0;32m  OK  [0m] Started Uncomplicated firewall.
[    9.066333] systemd[1]: Started Load Kernel Modules.
[[0;32m  OK  [0m] Started Load Kernel Modules.
[    9.074946] systemd[1]: Started Create list of required static device nodes for the current kernel.
[[0;32m  OK  [0m] Started Create list of required sta...ce nodes for the current kernel.
[    9.086370] systemd[1]: Started File System Check on Root Device.
[[0;32m  OK  [0m] Started File System Check on Root Device.
[    9.111157] systemd[1]: Started Set console keymap.
[[0;32m  OK  [0m] Started Set console keymap.
[    9.128111] systemd[1]: Started Nameserver information manager.
[[0;32m  OK  [0m] Started Nameserver information manager.
[    9.140226] systemd[1]: Started Journal Service.
[[0;32m  OK  [0m] Started Journal Service.
[[0;32m  OK  [0m] Started LVM2 metadata daemon.
[[0;32m  OK  [0m] Started File System Check Daemon to report status.
         Starting Remount Root and Kernel File Systems...
         Starting Create Static Device Nodes in /dev...
         Starting Apply Kernel Variables...
         Mounting FUSE Control File System...
[    9.203858] EXT4-fs (sda1): re-mounted. Opts: (null)
[[0;32m  OK  [0m] Mounted FUSE Control File System.
[[0;32m  OK  [0m] Started Remount Root and Kernel File Systems.
         Starting Load/Save Random Seed...
         Starting Flush Journal to Persistent Storage...
         Starting udev Coldplug all Devices...
[[0;32m  OK  [0m] Started Create Static Device Nodes in /dev.
[[0;32m  OK  [0m] Started Apply Kernel Variables.
[[0;32m  OK  [0m] Started Load/Save Random Seed.
         Starting udev Kernel Device Manager...
[[0;32m  OK  [0m] Started Flush Journal to Persistent Storage.
[[0;32m  OK  [0m] Started Monitoring of LVM2 mirrors,...ng dmeventd or progress polling.
[[0;32m  OK  [0m] Reached target Local File Systems (Pre).
[[0;32m  OK  [0m] Reached target Local File Systems.
         Starting Commit a transient machine-id on disk...
         Starting Set console font and keymap...
         Starting Create Volatile Files and Directories...
         Starting Tell Plymouth To Write Out Runtime Data...
         Starting LSB: AppArmor initialization...
         Starting Initial cloud-init job (pre-networking)...
[[0;32m  OK  [0m] Started udev Kernel Device Manager.
[[0;32m  OK  [0m] Started Tell Plymouth To Write Out Runtime Data.
[[0;32m  OK  [0m] Started Commit a transient machine-id on disk.
[[0;32m  OK  [0m] Started Create Volatile Files and Directories.
         Starting Update UTMP about System Boot/Shutdown...
[[0;32m  OK  [0m] Started Update UTMP about System Boot/Shutdown.
[[0;32m  OK  [0m] Started udev Coldplug all Devices.
[[0;32m  OK  [0m] Started Dispatch Password Requests to Console Directory Watch.
[[0;32m  OK  [0m] Found device /dev/ttyS0.
[[0;32m  OK  [0m] Listening on Load/Save RF Kill Switch Status /dev/rfkill Watch.
[   13.583573] cloud-init[521]: Cloud-init v. 20.4.1-0ubuntu1~16.04.1 running 'init-local' at Thu, 25 Mar 2021 11:03:03 +0000. Up 12.14 seconds.
[[0;32m  OK  [0m] Started Initial cloud-init job (pre-networking).
[[0;32m  OK  [0m] Reached target Network (Pre).
[[0;32m  OK  [0m] Started Set console font and keymap.
[[0;32m  OK  [0m] Created slice system-getty.slice.
[[0;32m  OK  [0m] Started LSB: AppArmor initialization.
         Starting Raise network interfaces...
         Starting Load AppArmor profiles managed internally by snapd...
[[0;32m  OK  [0m] Started Load AppArmor profiles managed internally by snapd.
[[0;32m  OK  [0m] Started Raise network interfaces.
[[0;32m  OK  [0m] Reached target Network.
         Starting Initial cloud-init job (metadata service crawler)...
[   19.413651] cloud-init[988]: Cloud-init v. 20.4.1-0ubuntu1~16.04.1 running 'init' at Thu, 25 Mar 2021 11:03:08 +0000. Up 16.99 seconds.
[   19.424823] cloud-init[988]: ci-info: ++++++++++++++++++++++++++++++++++++++Net device info+++++++++++++++++++++++++++++++++++++++
[   19.429365] cloud-init[988]: ci-info: +--------+-------+----------------------------+---------------+--------+-------------------+
[   19.433493] cloud-init[988]: ci-info: | Device |   Up  |          Address           |      Mask     | Scope  |     Hw-Address    |
[   19.455502] cloud-init[988]: ci-info: +--------+-------+----------------------------+---------------+--------+-------------------+
[   19.480813] cloud-init[988]: ci-info: | enp0s3 |  True |         10.0.2.15          | 255.255.255.0 | global | 02:96:8e:bc:5b:f3 |
[   19.485311] cloud-init[988]: ci-info: | enp0s3 |  True | fe80::96:8eff:febc:5bf3/64 |       .       |  link  | 02:96:8e:bc:5b:f3 |
[   19.489676] cloud-init[988]: ci-info: | enp0s8 | False |             .              |       .       |   .    | 08:00:27:cb:f1:b5 |
[   19.493966] cloud-init[988]: ci-info: |   lo   |  True |         127.0.0.1          |   255.0.0.0   |  host  |         .         |
[   19.502275] cloud-init[988]: ci-info: |   lo   |  True |          ::1/128           |       .       |  host  |         .         |
[   19.506575] cloud-init[988]: ci-info: +--------+-------+----------------------------+---------------+--------+-------------------+
[   19.511179] cloud-init[988]: ci-info: +++++++++++++++++++++++++++Route IPv4 info++++++++++++++++++++++++++++
[   19.515229] cloud-init[988]: ci-info: +-------+-------------+----------+---------------+-----------+-------+
[   19.518824] cloud-init[988]: ci-info: | Route | Destination | Gateway  |    Genmask    | Interface | Flags |
[   19.522456] cloud-init[988]: ci-info: +-------+-------------+----------+---------------+-----------+-------+
[   19.526201] cloud-init[988]: ci-info: |   0   |   0.0.0.0   | 10.0.2.2 |    0.0.0.0    |   enp0s3  |   UG  |
[   19.536964] cloud-init[988]: ci-info: |   1   |   10.0.2.0  | 0.0.0.0  | 255.255.255.0 |   enp0s3  |   U   |
[   19.540395] cloud-init[988]: ci-info: +-------+-------------+----------+---------------+-----------+-------+
[   19.545935] cloud-init[988]: ci-info: +++++++++++++++++++Route IPv6 info+++++++++++++++++++
[   19.550252] cloud-init[988]: ci-info: +-------+-------------+---------+-----------+-------+
[   19.554927] cloud-init[988]: ci-info: | Route | Destination | Gateway | Interface | Flags |
[   19.558805] cloud-init[988]: ci-info: +-------+-------------+---------+-----------+-------+
[   19.562348] cloud-init[988]: ci-info: |   0   |  fe80::/64  |    ::   |   enp0s3  |   U   |
[   19.565739] cloud-init[988]: ci-info: |   3   |   ff00::/8  |    ::   |   enp0s3  |   U   |
[   19.568977] cloud-init[988]: ci-info: +-------+-------------+---------+-----------+-------+
[   19.572470] cloud-init[988]: Generating public/private rsa key pair.
[   19.580814] cloud-init[988]: Your identification has been saved in /etc/ssh/ssh_host_rsa_key.
[   19.585069] cloud-init[988]: Your public key has been saved in /etc/ssh/ssh_host_rsa_key.pub.
[   19.588399] cloud-init[988]: The key fingerprint is:
[   19.590864] cloud-init[988]: SHA256:PDSghfY+jKq1pYws5Lnbwci3Je3mYnq9k2c42B5ngF0 root@ubuntu-xenial
[   19.594375] cloud-init[988]: The key's randomart image is:
[   19.597054] cloud-init[988]: +---[RSA 2048]----+
[   19.599340] cloud-init[988]: |     .o          |
[   19.601679] cloud-init[988]: |    oo .         |
[   19.603867] cloud-init[988]: |   ... Eo        |
[   19.606269] cloud-init[988]: |    o oo .       |
[   19.608676] cloud-init[988]: |   . *  S        |
[   19.611501] cloud-init[988]: |..o o =  .       |
[   19.613591] cloud-init[988]: |ooo*=+o+         |
[   19.615936] cloud-init[988]: |o*+O*O+o         |
[   19.618434] cloud-init[988]: |+*Xo==*          |
[   19.624283] cloud-init[988]: +----[SHA256]-----+
[   19.627449] cloud-init[988]: Generating public/private dsa key pair.
[   19.630446] cloud-init[988]: Your identification has been saved in /etc/ssh/ssh_host_dsa_key.
[   19.634668] cloud-init[988]: Your public key has been saved in /etc/ssh/ssh_host_dsa_key.pub.
[   19.638246] cloud-init[988]: The key fingerprint is:
[   19.640685] cloud-init[988]: SHA256:tL1OEJN/ra0KzDDuw6UI52kZD2ATcPpU6RwCsDd5gyk root@ubuntu-xenial
[   19.643957] cloud-init[988]: The key's randomart image is:
[   19.665259] cloud-init[988]: +---[DSA 1024]----+
[   19.667475] cloud-init[988]: |=o. ..           |
[   19.669563] cloud-init[988]: | +o=o    .       |
[   19.671672] cloud-init[988]: |E B=o.  =        |
[   19.680868] cloud-init[988]: | =+oo. . *   .   |
[   19.681304] [cloud-init[988]: | ..o  o S o . .  |
[0;32m  OK  [0m] Started Initial cloud-init job (metadata service crawler).
[[0;32m  OK  [0m] Reached target Cloud-config availability.
[[0;32m  OK  [0m] Reached target System Initialization.
[   19.696496] cloud-init[988]: |  . +. =.. o o   |
[   19.697008] cloud-init[988]: |   + O.o+ o . .  |
[   19.698315] cloud-init[988]: |    *.=  +   .   |
[   19.699241] cloud-init[988]: |   .  ..  o..    |
[   19.700864] cloud-init[988]: +----[SHA256]-----+
[   19.701794] cloud-init[988]: Generating public/private ecdsa key pair.
[   19.702792] cloud-init[988]: Your identification has been saved in /etc/ssh/ssh_host_ecdsa_key.
[   19.704179] cloud-init[988]: Your public key has been saved in /etc/ssh/ssh_host_ecdsa_key.pub.
[   19.705497] cloud-init[988]: The key fingerprint is:
[   19.706579] cloud-init[988]: SHA256:khE0DDF3FEmEoE7Gnbu+E0tAln0Do71umf42WSAyjMA root@ubuntu-xenial
[   19.707594] cloud-init[988]: The key's randomart image is:
[   19.709816] cloud-init[988]: +---[ECDSA 256]---+
[   19.710879] cloud-init[988]: |.  oBB==*o       |
[   19.711869] cloud-init[988]: |.E+=.==+.        |
[   19.712865] cloud-init[988]: |.=* +...         |
[   19.713865] cloud-init[988]: |.+= .o.o         |
[   19.715074] cloud-init[988]: |  .+o.o.S        |
[   19.716014] cloud-init[988]: |   .o+ ..        |
[   19.717808] cloud-init[988]: |   .*o o         |
[   19.719223] cloud-init[988]: |   +o +          |
[   19.720863] cloud-init[988]: |    +=..         |
[   19.721890] cloud-init[988]: +----[SHA256]-----+
[   19.722959] cloud-init[988]: Generating public/private ed25519 key pair.
[   19.723912] cloud-init[988]: Your identification has been saved in /etc/ssh/ssh_host_ed25519_key.
[   19.724851] cloud-init[988]: Your public key has been saved in /etc/ssh/ssh_host_ed25519_key.pub.
[   19.725802] cloud-init[988]: The key fingerprint is:
[   19.726711] cloud-init[988]: SHA256:mDF+ftaVJBwBRgb+LOAJEu06xNodmmlY5SZRp4byXks root@ubuntu-xenial
[   19.727635] cloud-init[988]: The key's randomart image is:
[   19.728741] cloud-init[988]: +--[ED25519 256]--+
[   19.730614] cloud-init[988]: |  .o. . .o=.o.   |
[   19.731545] cloud-init[988]: |  .ooo . o . .   |
[   19.733210] cloud-init[988]: |..o=+ + .   o .  |
[   19.734109] cloud-init[988]: | o=o=+ B o   o . |
[   19.734667] cloud-init[988]: | *.OE.* S o   o  |
[   19.735722] cloud-init[988]: |o.Oo.. o . . .   |
[   19.737069] cloud-init[988]: | ....   . o .    |
[   19.738103] cloud-init[988]: |         o       |
[   19.739136] cloud-init[988]: |                 |
[   19.740796] cloud-init[988]: +----[SHA256]-----+
[[0;32m  OK  [0m] Listening on UUID daemon activation socket.
[[0;32m  OK  [0m] Listening on D-Bus System Message Bus Socket.
[[0;32m  OK  [0m] Listening on ACPID Listen Socket.
         Starting LXD - unix socket.
[[0;32m  OK  [0m] Started ACPI Events Check.
[[0;32m  OK  [0m] Reached target Paths.
         Starting Socket activation for snappy daemon.
[[0;32m  OK  [0m] Started Daily apt download activities.
[[0;32m  OK  [0m] Started Daily Cleanup of Temporary Directories.
[[0;32m  OK  [0m] Started Daily apt upgrade and clean activities.
[[0;32m  OK  [0m] Started Message of the Day.
[[0;32m  OK  [0m] Reached target Timers.
[[0;32m  OK  [0m] Reached target Network is Online.
         Starting iSCSI initiator daemon (iscsid)...
[[0;32m  OK  [0m] Listening on LXD - unix socket.
[[0;32m  OK  [0m] Listening on Socket activation for snappy daemon.
[[0;32m  OK  [0m] Reached target Sockets.
[[0;32m  OK  [0m] Reached target Basic System.
[[0;32m  OK  [0m] Started D-Bus System Message Bus.
[[0;32m  OK  [0m] Started ACPI event daemon.
         Starting /etc/rc.local Compatibility...
         Starting LSB: Record successful boot for GRUB...
         Starting Login Service...
         Starting Accounts Service...
         Starting Pollinate to seed the pseudo random number generator...
         Starting LSB: MD monitoring daemon...
[[0;32m  OK  [0m] Started Deferred execution scheduler.
[[0;32m  OK  [0m] Started FUSE filesystem for LXC.
[[0;32m  OK  [0m] Started Regular background program processing daemon.
         Starting Snap Daemon...
         Starting System Logging Service...
         Starting Virtualbox guest utils...
         Starting LXD - container startup/shutdown...
[[0;32m  OK  [0m] Started /etc/rc.local Compatibility.
[[0;32m  OK  [0m] Started Login Service.
[[0;32m  OK  [0m] Started Unattended Upgrades Shutdown.
[[0;32m  OK  [0m] Started System Logging Service.
[[0;32m  OK  [0m] Started LSB: Record successful boot for GRUB.
[[0;32m  OK  [0m] Started iSCSI initiator daemon (iscsid).
         Starting Login to default iSCSI targets...
[[0;32m  OK  [0m] Started LSB: MD monitoring daemon.
         Starting Authenticate and Authorize Users to Run Privileged Tasks...
[[0;32m  OK  [0m] Started Login to default iSCSI targets.
[[0;32m  OK  [0m] Reached target Remote File Systems (Pre).
[[0;32m  OK  [0m] Reached target Remote File Systems.
         Starting Permit User Sessions...
         Starting LSB: Set the CPU Frequency Scaling governor to "ondemand"...
         Starting LSB: automatic crash report generation...
         Starting LSB: daemon to balance interrupts for SMP systems...
[[0;32m  OK  [0m] Started Permit User Sessions.
         Starting Hold until boot process finishes up...
         Starting Terminate Plymouth Boot Screen...
[[0;32m  OK  [0m] Started Hold until boot process finishes up.
         Starting Set console scheme...
[[0;32m  OK  [0m] Started Getty on tty1.
[[0;32m  OK  [0m] Started Serial Getty on ttyS0.
[[0;32m  OK  [0m] Reached target Login Prompts.
[[0;32m  OK  [0m] Started Terminate Plymouth Boot Screen.
[[0;32m  OK  [0m] Started Virtualbox guest utils.
[[0;32m  OK  [0m] Started Set console scheme.
[[0;32m  OK  [0m] Started Authenticate and Authorize Users to Run Privileged Tasks.
[[0;32m  OK  [0m] Started LSB: Set the CPU Frequency Scaling governor to "ondemand".
[[0;32m  OK  [0m] Started Accounts Service.
[[0;32m  OK  [0m] Started LSB: automatic crash report generation.
[[0;32m  OK  [0m] Started LSB: daemon to balance interrupts for SMP systems.
[[0;32m  OK  [0m] Started LXD - container startup/shutdown.
[[0;32m  OK  [0m] Started Snap Daemon.
         Starting Wait until snapd is fully seeded...
[[0;32m  OK  [0m] Started Pollinate to seed the pseudo random number generator.
         Starting OpenBSD Secure Shell server...
[[0;32m  OK  [0m] Started OpenBSD Secure Shell server.
[[0;32m  OK  [0m] Created slice User Slice of vagrant.
         Starting User Manager for UID 1000...
[[0;32m  OK  [0m] Started Session 1 of user vagrant.
[[0;32m  OK  [0m] Started User Manager for UID 1000.
[[0;32m  OK  [0m] Started Wait until snapd is fully seeded.
         Starting Apply the settings specified in cloud-config...
[[0;32m  OK  [0m] Reached target Multi-User System.
[[0;32m  OK  [0m] Reached target Graphical Interface.
         Starting Update UTMP about System Runlevel Changes...
[[0;32m  OK  [0m] Started Update UTMP about System Runlevel Changes.
[   25.575387] cloud-init[1406]: Generating locales (this might take a while)...

Ubuntu 16.04.7 LTS ubuntu-xenial ttyS0

ubuntu-xenial login: [   29.159638] cloud-init[1406]:   en_US.UTF-8... done
[   29.162143] cloud-init[1406]: Generation complete.
[   30.523969] cloud-init[1406]: Cloud-init v. 20.4.1-0ubuntu1~16.04.1 running 'modules:config' at Thu, 25 Mar 2021 11:03:18 +0000. Up 25.05 seconds.
ci-info: no authorized SSH keys fingerprints found for user ubuntu.
<14>Mar 25 11:03:25 ec2: 
<14>Mar 25 11:03:25 ec2: #############################################################
<14>Mar 25 11:03:25 ec2: -----BEGIN SSH HOST KEY FINGERPRINTS-----
<14>Mar 25 11:03:25 ec2: 1024 SHA256:tL1OEJN/ra0KzDDuw6UI52kZD2ATcPpU6RwCsDd5gyk root@ubuntu-xenial (DSA)
<14>Mar 25 11:03:25 ec2: 256 SHA256:khE0DDF3FEmEoE7Gnbu+E0tAln0Do71umf42WSAyjMA root@ubuntu-xenial (ECDSA)
<14>Mar 25 11:03:25 ec2: 256 SHA256:mDF+ftaVJBwBRgb+LOAJEu06xNodmmlY5SZRp4byXks root@ubuntu-xenial (ED25519)
<14>Mar 25 11:03:25 ec2: 2048 SHA256:PDSghfY+jKq1pYws5Lnbwci3Je3mYnq9k2c42B5ngF0 root@ubuntu-xenial (RSA)
<14>Mar 25 11:03:25 ec2: -----END SSH HOST KEY FINGERPRINTS-----
<14>Mar 25 11:03:25 ec2: #############################################################
-----BEGIN SSH HOST KEY KEYS-----
ecdsa-sha2-nistp256 AAAAE2VjZHNhLXNoYTItbmlzdHAyNTYAAAAIbmlzdHAyNTYAAABBBDk4IIvqfaQr9rOg1+csqygrMluiux5LnrICQCEknWsy7qlE9DacWigpE4v9RQWCwfuh9asId7IRDI/uG58QCmA= root@ubuntu-xenial
ssh-ed25519 AAAAC3NzaC1lZDI1NTE5AAAAIBwCdTQyVvpk6fh+TmhQKy2dOHktk0FSndwwViJsHqYI root@ubuntu-xenial
ssh-rsa AAAAB3NzaC1yc2EAAAADAQABAAABAQDGF2mQdbeexWqDTV/cobE1m5bN6A+snK092ZqzmsLuPeMMBf5fOLMXfD624LhOs00HZDVOYIqIHpBcoC45ywOzv1ssRI/ABMg5V0Xt13vYE9yi4Y8WEHLAAW8OJzE6QuUMy+lr925zYqeM8kQzunfbi50UYjA3kbk0uQ8KHu+CPWXCts9t6LNc8Ar2+++HLPLKrwV5fUKvIAOFB7hfJ00Xlzd97i1p+rdS4lB9QcC511x92rdLbQgjB8LpodmbXitgha236LVjd1kA+ADkvqV9J9bicgYx4+tCT8ujbdLhLNND417dN8F8OxRq2FDhKGYB0dEEoS5XXsrei/ZyPJHZ root@ubuntu-xenial
-----END SSH HOST KEY KEYS-----
[   32.291802] cloud-init[1564]: Cloud-init v. 20.4.1-0ubuntu1~16.04.1 running 'modules:final' at Thu, 25 Mar 2021 11:03:25 +0000. Up 31.74 seconds.
[   32.292361] cloud-init[1564]: ci-info: no authorized SSH keys fingerprints found for user ubuntu.
[   32.293573] cloud-init[1564]: Cloud-init v. 20.4.1-0ubuntu1~16.04.1 finished at Thu, 25 Mar 2021 11:03:25 +0000. Datasource DataSourceNoCloud [seed=/dev/sdb][dsmode=net].  Up 32.26 seconds
